<?xml version="1.0" encoding="UTF-8"?>
<!-- Generated by org.testng.reporters.JUnitXMLReporter -->
<testsuite ignored="0" hostname="Lenovo" failures="0" tests="7" name="Surefire test" time="357.889" errors="0" timestamp="2024-12-20T19:48:08 IST">
  <testcase classname="tests.TS_001_SignUpTest" name="SignUpToContactList" time="14.746"/>
  <testcase classname="tests.TS_002_LoginTest" name="login" time="8.345"/>
  <testcase classname="tests.TS_003_ContactAdditionTest" name="addContact" time="40.073"/>
  <testcase classname="tests.TS_004_ContactDisplayTest" name="seeContactDetails" time="84.497"/>
  <testcase classname="tests.TS_005_ContactEditingTest" name="editContact" time="22.668"/>
  <testcase classname="tests.TS_006_ContactDeletionTest" name="deleteContact" time="45.225"/>
  <testcase classname="tests.TS_007_LogoutTest" name="logoutfunctionality" time="13.564"/>
</testsuite> <!-- Surefire test -->
