<?xml version="1.0" encoding="UTF-8"?>
<!-- Generated by org.testng.reporters.JUnitXMLReporter -->
<testsuite ignored="0" hostname="Lenovo" failures="0" tests="7" name="Test" time="309.853" errors="0" timestamp="2024-12-21T16:34:58 IST">
  <testcase classname="tests.TS_001_SignUpTest" name="SignUpToContactList" time="11.541"/>
  <testcase classname="tests.TS_002_LoginTest" name="login" time="11.329"/>
  <testcase classname="tests.TS_003_ContactAdditionTest" name="addContact" time="35.282"/>
  <testcase classname="tests.TS_004_ContactDisplayTest" name="seeContactDetails" time="60.75"/>
  <testcase classname="tests.TS_005_ContactEditingTest" name="editContact" time="22.461"/>
  <testcase classname="tests.TS_006_ContactDeletionTest" name="deleteContact" time="34.114"/>
  <testcase classname="tests.TS_007_LogoutTest" name="logoutfunctionality" time="13.218"/>
</testsuite> <!-- Test -->
