<?xml version="1.0" encoding="UTF-8"?>
<testng-results ignored="0" total="1" passed="1" failed="0" skipped="0">
  <reporter-output>
  </reporter-output>
  <suite started-at="2024-12-21T16:10:25 IST" name="Suite" finished-at="2024-12-21T16:11:43 IST" duration-ms="77530">
    <groups>
    </groups>
    <test started-at="2024-12-21T16:10:25 IST" name="Test" finished-at="2024-12-21T16:11:43 IST" duration-ms="77530">
      <class name="tests.TS_003_ContactAdditionTest">
        <test-method is-config="true" signature="openBrowser()[pri:0, instance:tests.TS_003_ContactAdditionTest@16eb3ea3]" started-at="2024-12-21T16:10:27 IST" name="openBrowser" finished-at="2024-12-21T16:11:06 IST" duration-ms="38492" status="PASS">
          <reporter-output>
          </reporter-output>
        </test-method> <!-- openBrowser -->
        <test-method signature="addContact()[pri:0, instance:tests.TS_003_ContactAdditionTest@16eb3ea3]" started-at="2024-12-21T16:11:06 IST" name="addContact" finished-at="2024-12-21T16:11:41 IST" duration-ms="35547" status="PASS">
          <reporter-output>
          </reporter-output>
        </test-method> <!-- addContact -->
        <test-method is-config="true" signature="takeScreenshot(org.testng.ITestResult)[pri:0, instance:tests.TS_003_ContactAdditionTest@16eb3ea3]" started-at="2024-12-21T16:11:42 IST" name="takeScreenshot" finished-at="2024-12-21T16:11:42 IST" duration-ms="51" status="PASS">
          <params>
            <param index="0">
              <value>
                <![CDATA[[TestResult name=addContact status=SUCCESS method=TS_003_ContactAdditionTest.addContact()[pri:0, instance:tests.TS_003_ContactAdditionTest@16eb3ea3] output={null}]]]>
              </value>
            </param>
          </params>
          <reporter-output>
          </reporter-output>
        </test-method> <!-- takeScreenshot -->
        <test-method is-config="true" signature="tearDown()[pri:0, instance:tests.TS_003_ContactAdditionTest@16eb3ea3]" started-at="2024-12-21T16:11:42 IST" name="tearDown" finished-at="2024-12-21T16:11:43 IST" duration-ms="952" status="PASS">
          <reporter-output>
          </reporter-output>
        </test-method> <!-- tearDown -->
      </class> <!-- tests.TS_003_ContactAdditionTest -->
    </test> <!-- Test -->
  </suite> <!-- Suite -->
</testng-results>
